=== missing ablations started: Sat Jun 27 20:49:13 -03 2026 ===
>>> [breastmnist/no_entanglement] started: Sat Jun 27 20:49:13 -03 2026
/home/mahlow/anaconda3/envs/my_env/lib/python3.11/site-packages/pennylane/__init__.py:212: PennyLaneDeprecationWarning: PennyLane v0.44 has dropped maintainence support for NumPy < 2.0.0. You have version 1.26.4 installed. Future versions of PennyLane will not work with NumPy<2.0. Please consider upgrading NumPy using `python -m pip install numpy --upgrade`. 
  warnings.warn(
Device: cuda
Dataset: breastmnist | Mode: no_entanglement | Epochs: 50 | Train subset: 10000
Using downloaded and verified file: ./data/breastmnist.npz
Using downloaded and verified file: ./data/breastmnist.npz
Classes: 2 | Batches/epoch: 18
Epoch 001/50 | D: -14.8882 | G: +6.9052 | GP: 0.1269 | Time: 36.1s
Epoch 002/50 | D: -25.4921 | G: +11.8562 | GP: 0.2902 | Time: 33.8s
Epoch 003/50 | D: -28.0283 | G: +10.8656 | GP: 0.3687 | Time: 33.9s
Epoch 004/50 | D: -34.0547 | G: +9.3435 | GP: 0.2975 | Time: 33.8s
Epoch 005/50 | D: -35.7246 | G: +7.9067 | GP: 0.2657 | Time: 33.2s
Epoch 006/50 | D: -39.8915 | G: +4.6972 | GP: 0.2360 | Time: 32.8s
Epoch 007/50 | D: -44.2096 | G: +6.2822 | GP: 0.1986 | Time: 33.0s
Epoch 008/50 | D: -38.2854 | G: +4.0769 | GP: 0.1890 | Time: 33.0s
Epoch 009/50 | D: -50.4245 | G: +3.6396 | GP: 0.1499 | Time: 32.3s
Epoch 010/50 | D: -56.5114 | G: +4.7805 | GP: 0.0746 | Time: 32.7s
    FID=313.87 | IS=1.763±0.027 | P=0.000 R=0.000
  Saved: ./results/figures/breastmnist_no_entanglement/samples_epoch010.png
  → FID @ epoch 10: 313.87
Epoch 011/50 | D: -63.5369 | G: +7.8934 | GP: 0.0653 | Time: 27.9s
Epoch 012/50 | D: -65.1494 | G: +8.1722 | GP: 0.0669 | Time: 27.1s
Epoch 013/50 | D: -63.7002 | G: +11.2056 | GP: 0.0629 | Time: 27.1s
Epoch 014/50 | D: -55.7434 | G: +13.1387 | GP: 0.0702 | Time: 27.1s
Epoch 015/50 | D: -82.4769 | G: +17.0951 | GP: 0.0597 | Time: 27.2s
Epoch 016/50 | D: -92.2505 | G: -0.1989 | GP: 0.0605 | Time: 27.1s
Epoch 017/50 | D: -102.7792 | G: -5.1557 | GP: 0.0578 | Time: 27.2s
Epoch 018/50 | D: -80.7964 | G: -1.3664 | GP: 0.0640 | Time: 27.0s
Epoch 019/50 | D: -105.2704 | G: +0.0140 | GP: 0.0654 | Time: 27.2s
Epoch 020/50 | D: -115.9576 | G: +11.6341 | GP: 0.0616 | Time: 27.1s
    FID=302.21 | IS=1.667±0.026 | P=0.000 R=0.000
  Saved: ./results/figures/breastmnist_no_entanglement/samples_epoch020.png
  → FID @ epoch 20: 302.21
Epoch 021/50 | D: -108.2205 | G: +19.5422 | GP: 0.0636 | Time: 27.2s
Epoch 022/50 | D: -110.9047 | G: +16.7444 | GP: 0.0567 | Time: 27.0s
Epoch 023/50 | D: -133.6150 | G: +17.2095 | GP: 0.0501 | Time: 27.2s
Epoch 024/50 | D: -132.1334 | G: +4.4411 | GP: 0.0548 | Time: 27.0s
Epoch 025/50 | D: -130.7581 | G: -3.7380 | GP: 0.0512 | Time: 27.3s
Epoch 026/50 | D: -138.8447 | G: +6.3709 | GP: 0.0605 | Time: 27.0s
Epoch 027/50 | D: -145.9453 | G: -32.7285 | GP: 0.0559 | Time: 27.2s
Epoch 028/50 | D: -159.5859 | G: +3.3133 | GP: 0.0511 | Time: 27.3s
Epoch 029/50 | D: -161.3744 | G: -7.1752 | GP: 0.0568 | Time: 27.1s
Epoch 030/50 | D: -172.7930 | G: +11.7116 | GP: 0.0476 | Time: 27.5s
    FID=210.53 | IS=1.556±0.028 | P=0.007 R=0.000
  Saved: ./results/figures/breastmnist_no_entanglement/samples_epoch030.png
  → FID @ epoch 30: 210.53
Epoch 031/50 | D: -144.1866 | G: +51.8649 | GP: 0.0487 | Time: 33.2s
Epoch 032/50 | D: -184.9403 | G: +5.9121 | GP: 0.0575 | Time: 30.7s
Epoch 033/50 | D: -224.6899 | G: +18.0338 | GP: 0.0424 | Time: 27.7s
Epoch 034/50 | D: -211.4677 | G: +24.3452 | GP: 0.0476 | Time: 27.1s
Epoch 035/50 | D: -200.1969 | G: -2.5414 | GP: 0.0512 | Time: 27.4s
Epoch 036/50 | D: -231.8255 | G: -30.3020 | GP: 0.0470 | Time: 27.3s
Epoch 037/50 | D: -254.9236 | G: -14.1158 | GP: 0.0484 | Time: 27.3s
Epoch 038/50 | D: -267.4505 | G: +5.6952 | GP: 0.0497 | Time: 27.1s
Epoch 039/50 | D: -270.8538 | G: -26.0261 | GP: 0.0475 | Time: 27.0s
Epoch 040/50 | D: -234.4264 | G: +26.4161 | GP: 0.0501 | Time: 29.9s
    FID=269.57 | IS=1.558±0.076 | P=0.008 R=0.000
  Saved: ./results/figures/breastmnist_no_entanglement/samples_epoch040.png
  → FID @ epoch 40: 269.57
Epoch 041/50 | D: -217.8506 | G: +4.9158 | GP: 0.0348 | Time: 27.0s
Epoch 042/50 | D: -304.5450 | G: +22.5823 | GP: 0.0483 | Time: 27.2s
Epoch 043/50 | D: -285.2806 | G: +27.5503 | GP: 0.0519 | Time: 27.2s
Epoch 044/50 | D: -330.0714 | G: +47.4134 | GP: 0.0494 | Time: 27.1s
Epoch 045/50 | D: -287.3482 | G: +57.1132 | GP: 0.0516 | Time: 27.3s
Epoch 046/50 | D: -273.5715 | G: +8.7827 | GP: 0.0402 | Time: 27.1s
Epoch 047/50 | D: -344.8209 | G: -0.4305 | GP: 0.0491 | Time: 32.8s
Epoch 048/50 | D: -336.6753 | G: -0.3519 | GP: 0.0416 | Time: 28.2s
Epoch 049/50 | D: -335.1091 | G: -5.8230 | GP: 0.0481 | Time: 27.0s
Epoch 050/50 | D: -359.5837 | G: +33.9042 | GP: 0.0533 | Time: 27.5s
    FID=237.70 | IS=1.741±0.032 | P=0.035 R=0.000
  Saved: ./results/figures/breastmnist_no_entanglement/samples_epoch050.png
  → FID @ epoch 50: 237.70
  Saved: ./results/figures/breastmnist_no_entanglement/loss_curves.png
  Saved: ./results/figures/breastmnist_no_entanglement/fid_curve.png

Done. Results in: ./results/checkpoints/breastmnist_no_entanglement
>>> [breastmnist/no_entanglement] done: Sun Jun 28 00:22:49 -03 2026
>>> [breastmnist/no_style] started: Sun Jun 28 00:22:49 -03 2026
/home/mahlow/anaconda3/envs/my_env/lib/python3.11/site-packages/pennylane/__init__.py:212: PennyLaneDeprecationWarning: PennyLane v0.44 has dropped maintainence support for NumPy < 2.0.0. You have version 1.26.4 installed. Future versions of PennyLane will not work with NumPy<2.0. Please consider upgrading NumPy using `python -m pip install numpy --upgrade`. 
  warnings.warn(
Device: cuda
Dataset: breastmnist | Mode: no_style | Epochs: 50 | Train subset: 10000
Using downloaded and verified file: ./data/breastmnist.npz
Using downloaded and verified file: ./data/breastmnist.npz
Classes: 2 | Batches/epoch: 18
Epoch 001/50 | D: -14.8235 | G: +6.0904 | GP: 0.1125 | Time: 24.9s
Epoch 002/50 | D: -24.9013 | G: +9.2073 | GP: 0.2590 | Time: 22.1s
Epoch 003/50 | D: -20.4301 | G: +4.1392 | GP: 0.1336 | Time: 21.1s
Epoch 004/50 | D: -27.5379 | G: +4.8232 | GP: 0.1070 | Time: 21.4s
Epoch 005/50 | D: -32.4254 | G: +0.5974 | GP: 0.0776 | Time: 21.7s
Epoch 006/50 | D: -36.3880 | G: +3.6555 | GP: 0.0803 | Time: 21.1s
Epoch 007/50 | D: -33.7763 | G: +2.3656 | GP: 0.0535 | Time: 21.5s
Epoch 008/50 | D: -48.7021 | G: -3.0359 | GP: 0.0571 | Time: 21.7s
Epoch 009/50 | D: -46.9818 | G: +9.9719 | GP: 0.0552 | Time: 21.1s
Epoch 010/50 | D: -53.1689 | G: +8.3951 | GP: 0.0588 | Time: 22.5s
    FID=212.82 | IS=1.473±0.025 | P=0.000 R=0.000
  Saved: ./results/figures/breastmnist_no_style/samples_epoch010.png
  → FID @ epoch 10: 212.82
Epoch 011/50 | D: -60.4418 | G: +5.2479 | GP: 0.0482 | Time: 21.4s
Epoch 012/50 | D: -59.3955 | G: -2.1325 | GP: 0.0472 | Time: 21.2s
Epoch 013/50 | D: -79.3118 | G: -11.4333 | GP: 0.0470 | Time: 21.4s
Epoch 014/50 | D: -76.5101 | G: -7.1989 | GP: 0.0383 | Time: 21.4s
Epoch 015/50 | D: -99.7166 | G: +5.8225 | GP: 0.0347 | Time: 21.1s
Epoch 016/50 | D: -85.5941 | G: +2.9959 | GP: 0.0399 | Time: 21.3s
Epoch 017/50 | D: -76.7523 | G: +35.3364 | GP: 0.0333 | Time: 21.6s
Epoch 018/50 | D: -86.7755 | G: -2.4680 | GP: 0.0363 | Time: 21.0s
Epoch 019/50 | D: -112.8984 | G: +5.8311 | GP: 0.0333 | Time: 21.1s
Epoch 020/50 | D: -121.1038 | G: +14.4657 | GP: 0.0333 | Time: 21.4s
    FID=206.67 | IS=1.905±0.028 | P=0.000 R=0.000
  Saved: ./results/figures/breastmnist_no_style/samples_epoch020.png
  → FID @ epoch 20: 206.67
Epoch 021/50 | D: -123.9524 | G: -21.2653 | GP: 0.0460 | Time: 21.1s
Epoch 022/50 | D: -141.4550 | G: +12.4474 | GP: 0.0361 | Time: 21.7s
Epoch 023/50 | D: -118.4978 | G: -7.8785 | GP: 0.0326 | Time: 21.5s
Epoch 024/50 | D: -141.5564 | G: -0.8539 | GP: 0.0327 | Time: 21.4s
Epoch 025/50 | D: -131.2005 | G: +2.7546 | GP: 0.0302 | Time: 21.4s
Epoch 026/50 | D: -160.9110 | G: -20.1761 | GP: 0.0337 | Time: 21.4s
Epoch 027/50 | D: -142.3296 | G: -27.9314 | GP: 0.0316 | Time: 21.2s
Epoch 028/50 | D: -140.2521 | G: +54.3643 | GP: 0.0388 | Time: 21.7s
Epoch 029/50 | D: -150.0318 | G: -31.3715 | GP: 0.0302 | Time: 21.6s
Epoch 030/50 | D: -179.2739 | G: +21.6001 | GP: 0.0415 | Time: 20.9s
    FID=202.21 | IS=2.156±0.064 | P=0.066 R=0.000
  Saved: ./results/figures/breastmnist_no_style/samples_epoch030.png
  → FID @ epoch 30: 202.21
Epoch 031/50 | D: -220.7514 | G: -14.3618 | GP: 0.0333 | Time: 21.4s
Epoch 032/50 | D: -212.4739 | G: +13.7090 | GP: 0.0291 | Time: 21.4s
Epoch 033/50 | D: -164.0172 | G: -15.4741 | GP: 0.0369 | Time: 21.8s
Epoch 034/50 | D: -204.3270 | G: +34.0702 | GP: 0.0356 | Time: 21.4s
Epoch 035/50 | D: -185.0635 | G: +26.3114 | GP: 0.0253 | Time: 21.4s
Epoch 036/50 | D: -223.0776 | G: +70.1162 | GP: 0.0278 | Time: 21.6s
Epoch 037/50 | D: -171.7279 | G: -12.0898 | GP: 0.0293 | Time: 21.5s
Epoch 038/50 | D: -191.1683 | G: -1.1891 | GP: 0.0303 | Time: 21.5s
Epoch 039/50 | D: -240.9516 | G: -15.9552 | GP: 0.0213 | Time: 21.4s
Epoch 040/50 | D: -247.8719 | G: +1.2009 | GP: 0.0254 | Time: 21.4s
    FID=204.90 | IS=2.019±0.057 | P=0.017 R=0.000
  Saved: ./results/figures/breastmnist_no_style/samples_epoch040.png
  → FID @ epoch 40: 204.90
Epoch 041/50 | D: -251.3883 | G: +46.9835 | GP: 0.0259 | Time: 21.3s
Epoch 042/50 | D: -301.2918 | G: +36.4317 | GP: 0.0270 | Time: 21.0s
Epoch 043/50 | D: -240.5955 | G: +31.4001 | GP: 0.0276 | Time: 21.4s
Epoch 044/50 | D: -266.5268 | G: +11.8168 | GP: 0.0626 | Time: 21.5s
Epoch 045/50 | D: -298.7997 | G: +31.0088 | GP: 0.0449 | Time: 21.0s
Epoch 046/50 | D: -244.9037 | G: +24.8273 | GP: 0.0205 | Time: 21.5s
Epoch 047/50 | D: -297.9820 | G: +48.4810 | GP: 0.0278 | Time: 21.5s
Epoch 048/50 | D: -286.3759 | G: +59.7305 | GP: 0.0204 | Time: 21.3s
Epoch 049/50 | D: -333.8395 | G: -11.5336 | GP: 0.0256 | Time: 21.5s
Epoch 050/50 | D: -314.1531 | G: +67.7705 | GP: 0.0271 | Time: 21.7s
    FID=227.97 | IS=2.310±0.071 | P=0.007 R=0.000
  Saved: ./results/figures/breastmnist_no_style/samples_epoch050.png
  → FID @ epoch 50: 227.97
  Saved: ./results/figures/breastmnist_no_style/loss_curves.png
  Saved: ./results/figures/breastmnist_no_style/fid_curve.png

Done. Results in: ./results/checkpoints/breastmnist_no_style
>>> [breastmnist/no_style] done: Sun Jun 28 03:48:47 -03 2026
>>> [mnist/no_style] started: Sun Jun 28 03:48:47 -03 2026
/home/mahlow/anaconda3/envs/my_env/lib/python3.11/site-packages/pennylane/__init__.py:212: PennyLaneDeprecationWarning: PennyLane v0.44 has dropped maintainence support for NumPy < 2.0.0. You have version 1.26.4 installed. Future versions of PennyLane will not work with NumPy<2.0. Please consider upgrading NumPy using `python -m pip install numpy --upgrade`. 
  warnings.warn(
Device: cuda
Dataset: mnist | Mode: no_style | Epochs: 50 | Train subset: 10000
Classes: 10 | Batches/epoch: 313
Epoch 001/50 | D: -9.1027 | G: -0.0119 | GP: 0.1174 | Time: 379.1s
Epoch 002/50 | D: -11.7857 | G: +1.9757 | GP: 0.1650 | Time: 380.0s
Epoch 003/50 | D: -13.8447 | G: +0.8084 | GP: 0.1975 | Time: 379.8s
Epoch 004/50 | D: -15.2859 | G: +4.0553 | GP: 0.2166 | Time: 384.1s
Epoch 005/50 | D: -18.8481 | G: +11.6248 | GP: 0.2273 | Time: 381.9s
Epoch 006/50 | D: -20.5292 | G: +11.0592 | GP: 0.2367 | Time: 401.4s
Epoch 007/50 | D: -22.1486 | G: +21.8819 | GP: 0.2408 | Time: 384.0s
Epoch 008/50 | D: -24.5410 | G: +18.6829 | GP: 0.2459 | Time: 387.4s
Epoch 009/50 | D: -23.6999 | G: +32.3658 | GP: 0.2482 | Time: 400.9s
Epoch 010/50 | D: -32.4046 | G: +42.3172 | GP: 0.2396 | Time: 384.4s
    FID=201.04 | IS=2.476±0.090 | P=0.017 R=0.000
  Saved: ./results/figures/mnist_no_style/samples_epoch010.png
  → FID @ epoch 10: 201.04
Epoch 011/50 | D: -30.0266 | G: +49.4614 | GP: 0.2482 | Time: 379.8s
Epoch 012/50 | D: -34.7731 | G: +53.8909 | GP: 0.2501 | Time: 378.1s
Epoch 013/50 | D: -28.3238 | G: +44.7679 | GP: 0.2509 | Time: 378.9s
Epoch 014/50 | D: -38.5399 | G: +40.9072 | GP: 0.2458 | Time: 381.0s
Epoch 015/50 | D: -47.5485 | G: +72.3952 | GP: 0.2398 | Time: 383.5s
Epoch 016/50 | D: -42.8317 | G: +82.0989 | GP: 0.2472 | Time: 392.0s
Epoch 017/50 | D: -46.6180 | G: +49.3697 | GP: 0.2430 | Time: 411.2s
Epoch 018/50 | D: -53.1602 | G: +97.6509 | GP: 0.2452 | Time: 381.4s
Epoch 019/50 | D: -52.2821 | G: +73.9451 | GP: 0.2464 | Time: 391.3s
Epoch 020/50 | D: -60.1375 | G: +100.8605 | GP: 0.2441 | Time: 389.6s
    FID=173.46 | IS=3.179±0.222 | P=0.016 R=0.003
  Saved: ./results/figures/mnist_no_style/samples_epoch020.png
  → FID @ epoch 20: 173.46
Epoch 021/50 | D: -64.2292 | G: +115.9295 | GP: 0.2421 | Time: 380.1s
Epoch 022/50 | D: -63.1970 | G: +165.9170 | GP: 0.2423 | Time: 380.2s
Epoch 023/50 | D: -70.3438 | G: +178.9454 | GP: 0.2392 | Time: 379.6s
Epoch 024/50 | D: -61.2220 | G: +183.4075 | GP: 0.2442 | Time: 379.6s
Epoch 025/50 | D: -76.5451 | G: +124.1141 | GP: 0.2438 | Time: 379.3s
Epoch 026/50 | D: -71.4919 | G: +112.2838 | GP: 0.2426 | Time: 391.0s
Epoch 027/50 | D: -82.4124 | G: +112.0927 | GP: 0.2398 | Time: 402.4s
Epoch 028/50 | D: -81.8212 | G: +44.6677 | GP: 0.2422 | Time: 381.9s
Epoch 029/50 | D: -99.4892 | G: +144.7552 | GP: 0.2385 | Time: 387.9s
Epoch 030/50 | D: -91.5052 | G: +114.5253 | GP: 0.2393 | Time: 386.5s
    FID=138.28 | IS=3.121±0.115 | P=0.021 R=0.013
  Saved: ./results/figures/mnist_no_style/samples_epoch030.png
  → FID @ epoch 30: 138.28
Epoch 031/50 | D: -84.6788 | G: +95.2077 | GP: 0.2424 | Time: 379.9s
Epoch 032/50 | D: -99.1739 | G: +158.7448 | GP: 0.2364 | Time: 395.2s
Epoch 033/50 | D: -107.3377 | G: +112.8652 | GP: 0.2367 | Time: 381.7s
Epoch 034/50 | D: -106.8625 | G: +182.8610 | GP: 0.2347 | Time: 386.6s
Epoch 035/50 | D: -144.2964 | G: +273.8946 | GP: 0.2318 | Time: 381.1s
Epoch 036/50 | D: -138.4625 | G: +292.7930 | GP: 0.2369 | Time: 380.9s
Epoch 037/50 | D: -129.7969 | G: +307.4981 | GP: 0.2354 | Time: 380.6s
Epoch 038/50 | D: -157.9004 | G: +229.0341 | GP: 0.2321 | Time: 379.7s
Epoch 039/50 | D: -136.3793 | G: +237.0770 | GP: 0.2405 | Time: 378.5s
Epoch 040/50 | D: -154.8667 | G: +409.7512 | GP: 0.2335 | Time: 378.6s
    FID=155.35 | IS=2.840±0.137 | P=0.009 R=0.012
  Saved: ./results/figures/mnist_no_style/samples_epoch040.png
  → FID @ epoch 40: 155.35
Epoch 041/50 | D: -177.1968 | G: +453.5778 | GP: 0.2285 | Time: 382.6s
Epoch 042/50 | D: -146.7159 | G: +403.8907 | GP: 0.2335 | Time: 386.9s
Epoch 043/50 | D: -194.7241 | G: +412.0600 | GP: 0.2284 | Time: 380.7s
Epoch 044/50 | D: -210.9791 | G: +288.5228 | GP: 0.2305 | Time: 380.6s
Epoch 045/50 | D: -156.4821 | G: +452.2612 | GP: 0.2324 | Time: 395.4s
Epoch 046/50 | D: -171.2021 | G: +469.2795 | GP: 0.2271 | Time: 383.5s
Epoch 047/50 | D: -163.4784 | G: +454.0765 | GP: 0.2320 | Time: 382.5s
Epoch 048/50 | D: -176.9476 | G: +349.9869 | GP: 0.2306 | Time: 381.8s
Epoch 049/50 | D: -190.0676 | G: +453.9972 | GP: 0.2294 | Time: 380.2s
Epoch 050/50 | D: -253.5276 | G: +535.5799 | GP: 0.2264 | Time: 381.9s
    FID=163.39 | IS=2.881±0.081 | P=0.007 R=0.101
  Saved: ./results/figures/mnist_no_style/samples_epoch050.png
  → FID @ epoch 50: 163.39
  Saved: ./results/figures/mnist_no_style/loss_curves.png
  Saved: ./results/figures/mnist_no_style/fid_curve.png

Done. Results in: ./results/checkpoints/mnist_no_style
>>> [mnist/no_style] done: Sun Jun 28 12:35:34 -03 2026
=== all done: Sun Jun 28 12:35:34 -03 2026 ===
