/home/mahlow/anaconda3/envs/my_env/lib/python3.11/site-packages/pennylane/__init__.py:212: PennyLaneDeprecationWarning: PennyLane v0.44 has dropped maintainence support for NumPy < 2.0.0. You have version 1.26.4 installed. Future versions of PennyLane will not work with NumPy<2.0. Please consider upgrading NumPy using `python -m pip install numpy --upgrade`. 
  warnings.warn(
Using downloaded and verified file: ./data/breastmnist.npz
Using downloaded and verified file: ./data/breastmnist.npz
Using downloaded and verified file: ./data/breastmnist.npz
Using downloaded and verified file: ./data/breastmnist.npz
Dataset: breastmnist | Patch QGAN | Epochs: 50 | Train subset: 5000
Classes: 2 | Batches/epoch: 18
Epoch 001/50 | D: -13.4840 | G: +6.6107 | Time: 54.7s
Epoch 002/50 | D: -23.7041 | G: +10.6341 | Time: 53.2s
Epoch 003/50 | D: -26.0463 | G: +11.3091 | Time: 53.2s
Epoch 004/50 | D: -31.7527 | G: +10.8600 | Time: 53.2s
Epoch 005/50 | D: -38.5704 | G: +8.6210 | Time: 53.3s
Epoch 006/50 | D: -48.0959 | G: +8.0317 | Time: 53.2s
Epoch 007/50 | D: -46.3757 | G: +5.9902 | Time: 52.8s
Epoch 008/50 | D: -48.1087 | G: +4.7492 | Time: 53.1s
Epoch 009/50 | D: -46.6697 | G: +3.4102 | Time: 53.1s
Epoch 010/50 | D: -35.7275 | G: +2.7083 | Time: 53.3s
      FID=471.75 | IS=2.142±0.074 | P=0.000 R=0.000
  Saved: ./results/images/patchqgan_breastmnist_epoch010.png
Epoch 011/50 | D: -18.4793 | G: +3.9812 | Time: 53.1s
Epoch 012/50 | D: -48.5131 | G: +2.9842 | Time: 53.1s
Epoch 013/50 | D: -55.9436 | G: +2.9042 | Time: 53.1s
Epoch 014/50 | D: -80.1467 | G: +1.6587 | Time: 53.1s
Epoch 015/50 | D: +17.8275 | G: +1.0508 | Time: 53.0s
Epoch 016/50 | D: -69.4792 | G: +1.8530 | Time: 53.1s
Epoch 017/50 | D: -104.2448 | G: +4.0048 | Time: 53.1s
Epoch 018/50 | D: -12.1815 | G: +3.7106 | Time: 53.6s
Epoch 019/50 | D: -16.6255 | G: +4.6234 | Time: 53.5s
Epoch 020/50 | D: -106.8475 | G: +5.7056 | Time: 53.2s
      FID=342.71 | IS=1.856±0.078 | P=0.000 R=0.000
  Saved: ./results/images/patchqgan_breastmnist_epoch020.png
Epoch 021/50 | D: -122.7049 | G: +4.6050 | Time: 53.4s
Epoch 022/50 | D: -135.3273 | G: +4.4712 | Time: 53.5s
Epoch 023/50 | D: -145.2271 | G: +5.5337 | Time: 53.6s
Epoch 024/50 | D: -164.0040 | G: +8.6277 | Time: 53.5s
Epoch 025/50 | D: -170.9071 | G: +9.4140 | Time: 53.4s
Epoch 026/50 | D: -183.4948 | G: +11.7923 | Time: 53.2s
Epoch 027/50 | D: -195.8442 | G: +13.3151 | Time: 53.1s
Epoch 028/50 | D: -212.2995 | G: +17.1928 | Time: 53.0s
Epoch 029/50 | D: -225.3413 | G: +20.4555 | Time: 53.2s
Epoch 030/50 | D: -238.3694 | G: +26.0594 | Time: 53.0s
      FID=288.24 | IS=1.504±0.043 | P=0.000 R=0.000
  Saved: ./results/images/patchqgan_breastmnist_epoch030.png
Epoch 031/50 | D: -261.9195 | G: +30.7311 | Time: 52.8s
Epoch 032/50 | D: +21136.2617 | G: +40.7775 | Time: 53.2s
Epoch 033/50 | D: -150.8595 | G: +40.8522 | Time: 53.2s
Epoch 034/50 | D: +54.2269 | G: +32.6990 | Time: 53.1s
Epoch 035/50 | D: -229.6025 | G: +37.6365 | Time: 53.1s
Epoch 036/50 | D: -293.9178 | G: +48.2703 | Time: 53.1s
Epoch 037/50 | D: -262.7371 | G: +62.6715 | Time: 53.0s
Epoch 038/50 | D: -336.7552 | G: +71.4580 | Time: 53.2s
Epoch 039/50 | D: -371.7557 | G: +78.5574 | Time: 53.1s
Epoch 040/50 | D: -405.4239 | G: +95.8796 | Time: 52.9s
      FID=471.20 | IS=1.515±0.046 | P=0.000 R=0.000
  Saved: ./results/images/patchqgan_breastmnist_epoch040.png
Epoch 041/50 | D: +32790.8015 | G: +113.6866 | Time: 53.3s
Epoch 042/50 | D: +16579.0291 | G: +115.5234 | Time: 53.3s
Epoch 043/50 | D: -91.7732 | G: +113.7280 | Time: 53.1s
Epoch 044/50 | D: +2780.6326 | G: +112.1559 | Time: 53.3s
Epoch 045/50 | D: -69.4959 | G: +116.8426 | Time: 53.2s
Epoch 046/50 | D: -262.5888 | G: +117.9166 | Time: 53.2s
Epoch 047/50 | D: -471.3299 | G: +139.0243 | Time: 53.1s
Epoch 048/50 | D: -413.9155 | G: +160.4389 | Time: 53.1s
Epoch 049/50 | D: -531.9971 | G: +170.6937 | Time: 53.2s
Epoch 050/50 | D: -558.4462 | G: +182.1894 | Time: 53.1s
      FID=513.07 | IS=1.376±0.038 | P=0.000 R=0.000
  Saved: ./results/images/patchqgan_breastmnist_epoch050.png

Done. Results in: ./results/checkpoints/patchqgan_breastmnist
